<?xml version="1.0" encoding="UTF-8"?>
<!-- Generated by org.testng.reporters.JUnitReportReporter -->
<testsuite skipped="0" hostname="5CG94406YL" name="test_Chrome.chromerun" tests="1" failures="0" timestamp="26 Sep 2021 19:57:46 GMT" time="2.100" errors="1">
  <testcase name="verifySwagloginChrome" time="2.100" classname="test_Chrome.chromerun">
    <error type="org.openqa.selenium.SessionNotCreatedException" message="session not created: This version of ChromeDriver only supports Chrome version 91
Current browser version is 93.0.4577.82 with binary path C:\Program Files (x86)\Google\Chrome\Application\chrome.exe
Build info: version: &#039;3.141.59&#039;, revision: &#039;e82be7d358&#039;, time: &#039;2018-11-14T08:25:48&#039;
System info: host: &#039;5CG94406YL&#039;, ip: &#039;10.207.141.11&#039;, os.name: &#039;Windows 10&#039;, os.arch: &#039;amd64&#039;, os.version: &#039;10.0&#039;, java.version: &#039;1.8.0_291&#039;
Driver info: driver.version: ChromeDriver
remote stacktrace: Backtrace:
	Ordinal0 [0x01243733+2504499]
	Ordinal0 [0x011DC401+2081793]
	Ordinal0 [0x010E2628+1058344]
	Ordinal0 [0x0110071A+1181466]
	Ordinal0 [0x010FC58C+1164684]
	Ordinal0 [0x010F9DC3+1154499]
	Ordinal0 [0x01129B82+1350530]
	Ordinal0 [0x011297DA+1349594]
	Ordinal0 [0x01125D4B+1334603]
	Ordinal0 [0x011022B4+1188532]
	Ordinal0 [0x01103149+1192265]
	GetHandleVerifier [0x013BFB8C+1512252]
	GetHandleVerifier [0x0146B0DF+2214031]
	GetHandleVerifier [0x012C4BC3+484211]
	GetHandleVerifier [0x012C3E69+480793]
	Ordinal0 [0x011E218D+2105741]
	Ordinal0 [0x011E66E8+2123496]
	Ordinal0 [0x011E6827+2123815]
	Ordinal0 [0x011EFB73+2161523]
	BaseThreadInitThunk [0x777BFA29+25]
	RtlGetAppContainerNamedObjectPath [0x77BD7A9E+286]
	RtlGetAppContainerNamedObjectPath [0x77BD7A6E+238]
">
      <![CDATA[org.openqa.selenium.SessionNotCreatedException: session not created: This version of ChromeDriver only supports Chrome version 91
Current browser version is 93.0.4577.82 with binary path C:\Program Files (x86)\Google\Chrome\Application\chrome.exe
Build info: version: '3.141.59', revision: 'e82be7d358', time: '2018-11-14T08:25:48'
System info: host: '5CG94406YL', ip: '10.207.141.11', os.name: 'Windows 10', os.arch: 'amd64', os.version: '10.0', java.version: '1.8.0_291'
Driver info: driver.version: ChromeDriver
remote stacktrace: Backtrace:
	Ordinal0 [0x01243733+2504499]
	Ordinal0 [0x011DC401+2081793]
	Ordinal0 [0x010E2628+1058344]
	Ordinal0 [0x0110071A+1181466]
	Ordinal0 [0x010FC58C+1164684]
	Ordinal0 [0x010F9DC3+1154499]
	Ordinal0 [0x01129B82+1350530]
	Ordinal0 [0x011297DA+1349594]
	Ordinal0 [0x01125D4B+1334603]
	Ordinal0 [0x011022B4+1188532]
	Ordinal0 [0x01103149+1192265]
	GetHandleVerifier [0x013BFB8C+1512252]
	GetHandleVerifier [0x0146B0DF+2214031]
	GetHandleVerifier [0x012C4BC3+484211]
	GetHandleVerifier [0x012C3E69+480793]
	Ordinal0 [0x011E218D+2105741]
	Ordinal0 [0x011E66E8+2123496]
	Ordinal0 [0x011E6827+2123815]
	Ordinal0 [0x011EFB73+2161523]
	BaseThreadInitThunk [0x777BFA29+25]
	RtlGetAppContainerNamedObjectPath [0x77BD7A9E+286]
	RtlGetAppContainerNamedObjectPath [0x77BD7A6E+238]

	at sun.reflect.NativeConstructorAccessorImpl.newInstance0(Native Method)
	at sun.reflect.NativeConstructorAccessorImpl.newInstance(Unknown Source)
	at sun.reflect.DelegatingConstructorAccessorImpl.newInstance(Unknown Source)
	at java.lang.reflect.Constructor.newInstance(Unknown Source)
	at org.openqa.selenium.remote.W3CHandshakeResponse.lambda$errorHandler$0(W3CHandshakeResponse.java:62)
	at org.openqa.selenium.remote.HandshakeResponse.lambda$getResponseFunction$0(HandshakeResponse.java:30)
	at org.openqa.selenium.remote.ProtocolHandshake.lambda$createSession$0(ProtocolHandshake.java:126)
	at java.util.stream.ReferencePipeline$3$1.accept(Unknown Source)
	at java.util.Spliterators$ArraySpliterator.tryAdvance(Unknown Source)
	at java.util.stream.ReferencePipeline.forEachWithCancel(Unknown Source)
	at java.util.stream.AbstractPipeline.copyIntoWithCancel(Unknown Source)
	at java.util.stream.AbstractPipeline.copyInto(Unknown Source)
	at java.util.stream.AbstractPipeline.wrapAndCopyInto(Unknown Source)
	at java.util.stream.FindOps$FindOp.evaluateSequential(Unknown Source)
	at java.util.stream.AbstractPipeline.evaluate(Unknown Source)
	at java.util.stream.ReferencePipeline.findFirst(Unknown Source)
	at org.openqa.selenium.remote.ProtocolHandshake.createSession(ProtocolHandshake.java:128)
	at org.openqa.selenium.remote.ProtocolHandshake.createSession(ProtocolHandshake.java:74)
	at org.openqa.selenium.remote.HttpCommandExecutor.execute(HttpCommandExecutor.java:136)
	at org.openqa.selenium.remote.service.DriverCommandExecutor.execute(DriverCommandExecutor.java:83)
	at org.openqa.selenium.remote.RemoteWebDriver.execute(RemoteWebDriver.java:552)
	at org.openqa.selenium.remote.RemoteWebDriver.startSession(RemoteWebDriver.java:213)
	at org.openqa.selenium.remote.RemoteWebDriver.<init>(RemoteWebDriver.java:131)
	at org.openqa.selenium.chrome.ChromeDriver.<init>(ChromeDriver.java:181)
	at org.openqa.selenium.chrome.ChromeDriver.<init>(ChromeDriver.java:168)
	at org.openqa.selenium.chrome.ChromeDriver.<init>(ChromeDriver.java:123)
	at test_Chrome.chromerun.verifySwagloginChrome(chromerun.java:13)
	at sun.reflect.NativeMethodAccessorImpl.invoke0(Native Method)
	at sun.reflect.NativeMethodAccessorImpl.invoke(Unknown Source)
	at sun.reflect.DelegatingMethodAccessorImpl.invoke(Unknown Source)
	at java.lang.reflect.Method.invoke(Unknown Source)
	at org.testng.internal.MethodInvocationHelper.invokeMethod(MethodInvocationHelper.java:100)
	at org.testng.internal.Invoker.invokeMethod(Invoker.java:646)
	at org.testng.internal.Invoker.invokeTestMethod(Invoker.java:811)
	at org.testng.internal.Invoker.invokeTestMethods(Invoker.java:1137)
	at org.testng.internal.TestMethodWorker.invokeTestMethods(TestMethodWorker.java:129)
	at org.testng.internal.TestMethodWorker.run(TestMethodWorker.java:112)
	at org.testng.TestRunner.privateRun(TestRunner.java:753)
	at org.testng.TestRunner.run(TestRunner.java:607)
	at org.testng.SuiteRunner.runTest(SuiteRunner.java:368)
	at org.testng.SuiteRunner.runSequentially(SuiteRunner.java:363)
	at org.testng.SuiteRunner.privateRun(SuiteRunner.java:321)
	at org.testng.SuiteRunner.run(SuiteRunner.java:270)
	at org.testng.SuiteRunnerWorker.runSuite(SuiteRunnerWorker.java:52)
	at org.testng.SuiteRunnerWorker.run(SuiteRunnerWorker.java:86)
	at org.testng.TestNG.runSuitesSequentially(TestNG.java:1284)
	at org.testng.TestNG.runSuitesLocally(TestNG.java:1209)
	at org.testng.TestNG.runSuites(TestNG.java:1124)
	at org.testng.TestNG.run(TestNG.java:1096)
	at org.testng.remote.AbstractRemoteTestNG.run(AbstractRemoteTestNG.java:132)
	at org.testng.remote.RemoteTestNG.initAndRun(RemoteTestNG.java:236)
	at org.testng.remote.RemoteTestNG.main(RemoteTestNG.java:81)
]]>
    </error>
  </testcase> <!-- verifySwagloginChrome -->
</testsuite> <!-- test_Chrome.chromerun -->
